이미 'main'에 있습니다
브랜치가 'origin/main'에 맞게 업데이트된 상태입니다.
https://github.com/praivesi/git_auto_commiter URL에서
 * branch            main       -> FETCH_HEAD
이미 업데이트 상태입니다.
latest_master_comm_msg =  feat: add output redirection to log file
'tmp' 브랜치로 전환합니다
https://github.com/praivesi/git_auto_commiter URL에서
 * branch            tmp        -> FETCH_HEAD
이미 업데이트 상태입니다.
b1878f6415626fe536efb65b033ac83702f68ab8 test 3
6181d37cfb1ef63545c4a4d37d9bab8184cbb1b4 test 2
41c43b530142167fd3179c2ab45e07b971e896d7 test 1
db7e79c512072739739767ecb3133a626471d5a3 feat: add output redirection to log file
oldest_uncommit_info =  41c43b530142167fd3179c2ab45e07b971e896d7 test 1
oldest_hash =  41c43b530142167fd3179c2ab45e07b971e896d7
oldest_msg =  test 1
'main' 브랜치로 전환합니다
브랜치가 'origin/main'에 맞게 업데이트된 상태입니다.
[main d3b5c9f] test 1
 Date: Fri Dec 9 19:02:09 2022 +0900
 1 file changed, 2 insertions(+)
리셋 뒤에 스테이징하지 않은 변경 사항:
M	auto_commiter.sh
